<?xml version="1.0" encoding="UTF-8"?>
<testsuite name="com.swt.test.CarWashScraperTest" tests="1" skipped="0" failures="0" errors="0" timestamp="2021-03-23T18:44:30" hostname="DESKTOP-M3BRGTA" time="64.244">
  <properties/>
  <testcase name="getDetails" classname="com.swt.test.CarWashScraperTest" time="64.244"/>
  <system-out><![CDATA[City : Ahmedabad
wait for 4 sec...
Store : BODAKDEV
wait for 5 sec...
]]></system-out>
  <system-err><![CDATA[Starting ChromeDriver 87.0.4280.88 (89e2380a3e36c3464b5dd1302349b1382549290d-refs/branch-heads/4280@{#1761}) on port 13225
Only local connections are allowed.
Please see https://chromedriver.chromium.org/security-considerations for suggestions on keeping ChromeDriver safe.
ChromeDriver was started successfully.
[1616525073.613][WARNING]: This version of ChromeDriver has not been tested with Chrome version 88.
Mar 24, 2021 12:14:35 AM org.openqa.selenium.remote.ProtocolHandshake createSession
INFO: Detected dialect: W3C
]]></system-err>
</testsuite>
